<?xml version="1.0" encoding="UTF-8"?>
<TestRun id="08d86456-899c-4c26-ae2f-172ad2f48274" name="Acidraven@MELCHIOR 2012-04-23 13:07:40" runUser="Melchior\Acidraven" xmlns="http://microsoft.com/schemas/VisualStudio/TeamTest/2010">
  <TestSettings name="Local" id="0a01271d-960a-4c85-84b9-809b484ebc20">
    <Description>These are default test settings for a local test run.</Description>
    <Deployment enabled="false" runDeploymentRoot="Acidraven_MELCHIOR 2012-04-23 13_07_40">
      <DeploymentItem filename="C:\Users\Acidraven\Desktop\CS430\Nfficiency_Plagiarism_Checker\Junk\backend\backend\bin\backend.dll" />
    </Deployment>
    <Execution>
      <TestTypeSpecific />
      <AgentRule name="Execution Agents">
      </AgentRule>
    </Execution>
  </TestSettings>
  <Times creation="2012-04-23T13:07:40.1807178-07:00" queuing="2012-04-23T13:07:40.2397212-07:00" start="2012-04-23T13:07:40.2477216-07:00" finish="2012-04-23T13:07:41.4147884-07:00" />
  <ResultSummary outcome="Error">
    <Counters total="4" executed="4" passed="1" error="2" failed="1" timeout="0" aborted="0" inconclusive="0" passedButRunAborted="0" notRunnable="0" notExecuted="0" disconnected="0" warning="0" completed="0" inProgress="0" pending="0" />
  </ResultSummary>
  <TestDefinitions>
    <UnitTest name="TestMethod1" storage="c:\users\acidraven\desktop\cs430\nfficiency_plagiarism_checker\junk\backend\backendtests\bin\debug\backendtests.dll" id="c30a899f-8147-53dc-4c96-830f00cb71e4">
      <Execution id="983dc900-6191-400e-acf2-63458a3671c4" />
      <TestMethod codeBase="C:/Users/Acidraven/Desktop/CS430/Nfficiency_Plagiarism_Checker/Junk/backend/backendTests/bin/Debug/backendTests.DLL" adapterTypeName="Microsoft.VisualStudio.TestTools.TestTypes.Unit.UnitTestAdapter, Microsoft.VisualStudio.QualityTools.Tips.UnitTest.Adapter, Version=10.0.0.0, Culture=neutral, PublicKeyToken=b03f5f7f11d50a3a" className="backendTests.UnitTest1, backendTests, Version=1.0.0.0, Culture=neutral, PublicKeyToken=null" name="TestMethod1" />
    </UnitTest>
    <UnitTest name="runTest" storage="c:\users\acidraven\desktop\cs430\nfficiency_plagiarism_checker\junk\backend\backendtests\bin\debug\backendtests.dll" id="b261faf6-3561-7a26-7823-c74a6c5b33d9">
      <Execution id="27761ab4-990a-4846-900c-7655bc030d50" />
      <TestMethod codeBase="C:/Users/Acidraven/Desktop/CS430/Nfficiency_Plagiarism_Checker/Junk/backend/backendTests/bin/Debug/backendTests.DLL" adapterTypeName="Microsoft.VisualStudio.TestTools.TestTypes.Unit.UnitTestAdapter, Microsoft.VisualStudio.QualityTools.Tips.UnitTest.Adapter, Version=10.0.0.0, Culture=neutral, PublicKeyToken=b03f5f7f11d50a3a" className="backendTests.TesterTest, backendTests, Version=1.0.0.0, Culture=neutral, PublicKeyToken=null" name="runTest" />
      <AspNet webSiteUrl="http://localhost:3088/blank.aspx">
        <Host pathToWebApp="C:\Users\Acidraven\Desktop\CS430\Nfficiency_Plagiarism_Checker\Junk\backend\backend" webAppRoot="/" />
      </AspNet>
    </UnitTest>
    <UnitTest name="wcConstructorTest" storage="c:\users\acidraven\desktop\cs430\nfficiency_plagiarism_checker\junk\backend\backendtests\bin\debug\backendtests.dll" id="3f797e44-a12c-41c2-b3af-3fbc0d828bf4">
      <Execution id="f376ff35-bf0f-4221-9c26-521e2c416e47" />
      <TestMethod codeBase="C:/Users/Acidraven/Desktop/CS430/Nfficiency_Plagiarism_Checker/Junk/backend/backendTests/bin/Debug/backendTests.DLL" adapterTypeName="Microsoft.VisualStudio.TestTools.TestTypes.Unit.UnitTestAdapter, Microsoft.VisualStudio.QualityTools.Tips.UnitTest.Adapter, Version=10.0.0.0, Culture=neutral, PublicKeyToken=b03f5f7f11d50a3a" className="backendTests.wcTest, backendTests, Version=1.0.0.0, Culture=neutral, PublicKeyToken=null" name="wcConstructorTest" />
      <AspNet webSiteUrl="http://localhost:3088/blank.aspx">
        <Host pathToWebApp="C:\Users\Acidraven\documents\visual studio 2010\Projects\backend\backend" webAppRoot="/" />
      </AspNet>
    </UnitTest>
    <UnitTest name="countTest" storage="c:\users\acidraven\desktop\cs430\nfficiency_plagiarism_checker\junk\backend\backendtests\bin\debug\backendtests.dll" id="bda36fac-1dc4-12c6-70b5-0ea2d9773b0a">
      <Execution id="40e92bb0-9751-430b-bea3-7c47300aaaa3" />
      <TestMethod codeBase="C:/Users/Acidraven/Desktop/CS430/Nfficiency_Plagiarism_Checker/Junk/backend/backendTests/bin/Debug/backendTests.DLL" adapterTypeName="Microsoft.VisualStudio.TestTools.TestTypes.Unit.UnitTestAdapter, Microsoft.VisualStudio.QualityTools.Tips.UnitTest.Adapter, Version=10.0.0.0, Culture=neutral, PublicKeyToken=b03f5f7f11d50a3a" className="backendTests.wcTest, backendTests, Version=1.0.0.0, Culture=neutral, PublicKeyToken=null" name="countTest" />
      <AspNet webSiteUrl="http://localhost:3088/blank.aspx">
        <Host pathToWebApp="C:\Users\Acidraven\documents\visual studio 2010\Projects\backend\backend" webAppRoot="/" />
      </AspNet>
    </UnitTest>
  </TestDefinitions>
  <TestLists>
    <TestList name="Results Not in a List" id="8c84fa94-04c1-424b-9868-57a2d4851a1d" />
    <TestList name="All Loaded Results" id="19431567-8539-422a-85d7-44ee4e166bda" />
  </TestLists>
  <TestEntries>
    <TestEntry testId="3f797e44-a12c-41c2-b3af-3fbc0d828bf4" executionId="f376ff35-bf0f-4221-9c26-521e2c416e47" testListId="8c84fa94-04c1-424b-9868-57a2d4851a1d" />
    <TestEntry testId="b261faf6-3561-7a26-7823-c74a6c5b33d9" executionId="27761ab4-990a-4846-900c-7655bc030d50" testListId="8c84fa94-04c1-424b-9868-57a2d4851a1d" />
    <TestEntry testId="bda36fac-1dc4-12c6-70b5-0ea2d9773b0a" executionId="40e92bb0-9751-430b-bea3-7c47300aaaa3" testListId="8c84fa94-04c1-424b-9868-57a2d4851a1d" />
    <TestEntry testId="c30a899f-8147-53dc-4c96-830f00cb71e4" executionId="983dc900-6191-400e-acf2-63458a3671c4" testListId="8c84fa94-04c1-424b-9868-57a2d4851a1d" />
  </TestEntries>
  <Results>
    <UnitTestResult executionId="f376ff35-bf0f-4221-9c26-521e2c416e47" testId="3f797e44-a12c-41c2-b3af-3fbc0d828bf4" testName="wcConstructorTest" computerName="MELCHIOR" duration="00:00:00.1310075" startTime="2012-04-23T13:07:40.2557221-07:00" endTime="2012-04-23T13:07:40.3867296-07:00" testType="13cdc9d9-ddb5-4fa4-a97d-d965ccfc6d4b" testListId="8c84fa94-04c1-424b-9868-57a2d4851a1d" relativeResultsDirectory="f376ff35-bf0f-4221-9c26-521e2c416e47">
      <Output>
        <ErrorInfo>
          <Message>The test adapter 'WebHostAdapter' threw an exception while running test 'wcConstructorTest'. The web site could not be configured correctly; getting ASP.NET process information failed. Requesting 'http://localhost:3088/VSEnterpriseHelper.axd' returned an error: The remote server returned an error: (404) Not Found.
The remote server returned an error: (404) Not Found.</Message>
        </ErrorInfo>
      </Output>
    </UnitTestResult>
    <UnitTestResult executionId="27761ab4-990a-4846-900c-7655bc030d50" testId="b261faf6-3561-7a26-7823-c74a6c5b33d9" testName="runTest" computerName="MELCHIOR" duration="00:00:00.0069159" startTime="2012-04-23T13:07:40.3897297-07:00" endTime="2012-04-23T13:07:41.0267662-07:00" testType="13cdc9d9-ddb5-4fa4-a97d-d965ccfc6d4b" outcome="Failed" testListId="8c84fa94-04c1-424b-9868-57a2d4851a1d" relativeResultsDirectory="27761ab4-990a-4846-900c-7655bc030d50">
      <Output>
        <ErrorInfo>
          <Message>Assert.AreEqual failed. Expected:&lt;1&gt;. Actual:&lt;-1&gt;. </Message>
          <StackTrace>   at backendTests.TesterTest.runTest() in C:\Users\Acidraven\Desktop\CS430\Nfficiency_Plagiarism_Checker\Junk\backend\backendTests\TesterTest.cs:line 100
</StackTrace>
        </ErrorInfo>
      </Output>
    </UnitTestResult>
    <UnitTestResult executionId="40e92bb0-9751-430b-bea3-7c47300aaaa3" testId="bda36fac-1dc4-12c6-70b5-0ea2d9773b0a" testName="countTest" computerName="MELCHIOR" duration="00:00:00.1000057" startTime="2012-04-23T13:07:41.0287663-07:00" endTime="2012-04-23T13:07:41.1287720-07:00" testType="13cdc9d9-ddb5-4fa4-a97d-d965ccfc6d4b" testListId="8c84fa94-04c1-424b-9868-57a2d4851a1d" relativeResultsDirectory="40e92bb0-9751-430b-bea3-7c47300aaaa3">
      <Output>
        <ErrorInfo>
          <Message>The test adapter 'WebHostAdapter' threw an exception while running test 'countTest'. The web site could not be configured correctly; getting ASP.NET process information failed. Requesting 'http://localhost:3088/VSEnterpriseHelper.axd' returned an error: The remote server returned an error: (404) Not Found.
The remote server returned an error: (404) Not Found.</Message>
        </ErrorInfo>
      </Output>
    </UnitTestResult>
    <UnitTestResult executionId="983dc900-6191-400e-acf2-63458a3671c4" testId="c30a899f-8147-53dc-4c96-830f00cb71e4" testName="TestMethod1" computerName="MELCHIOR" duration="00:00:00.0121728" startTime="2012-04-23T13:07:41.1307721-07:00" endTime="2012-04-23T13:07:41.3707859-07:00" testType="13cdc9d9-ddb5-4fa4-a97d-d965ccfc6d4b" outcome="Passed" testListId="8c84fa94-04c1-424b-9868-57a2d4851a1d" relativeResultsDirectory="983dc900-6191-400e-acf2-63458a3671c4">
    </UnitTestResult>
  </Results>
</TestRun>