<?xml version="1.0" encoding="UTF-8"?>
<TestRun id="dbcc8078-5ec5-4dba-a899-f6ead9f13ae3" name="Acidraven@MELCHIOR 2012-04-23 13:08:32" runUser="Melchior\Acidraven" xmlns="http://microsoft.com/schemas/VisualStudio/TeamTest/2010">
  <TestSettings name="Local" id="0a01271d-960a-4c85-84b9-809b484ebc20">
    <Description>These are default test settings for a local test run.</Description>
    <Deployment enabled="false" runDeploymentRoot="Acidraven_MELCHIOR 2012-04-23 13_08_32">
      <DeploymentItem filename="C:\Users\Acidraven\Desktop\CS430\Nfficiency_Plagiarism_Checker\Junk\backend\backend\bin\backend.dll" />
    </Deployment>
    <Execution>
      <TestTypeSpecific />
      <AgentRule name="Execution Agents">
      </AgentRule>
    </Execution>
  </TestSettings>
  <Times creation="2012-04-23T13:08:32.5027104-07:00" queuing="2012-04-23T13:08:32.6817207-07:00" start="2012-04-23T13:08:32.6907212-07:00" finish="2012-04-23T13:08:33.7527819-07:00" />
  <ResultSummary outcome="Error">
    <Counters total="4" executed="4" passed="1" error="2" failed="1" timeout="0" aborted="0" inconclusive="0" passedButRunAborted="0" notRunnable="0" notExecuted="0" disconnected="0" warning="0" completed="0" inProgress="0" pending="0" />
  </ResultSummary>
  <TestDefinitions>
    <UnitTest name="TestMethod1" storage="c:\users\acidraven\desktop\cs430\nfficiency_plagiarism_checker\junk\backend\backendtests\bin\debug\backendtests.dll" id="c30a899f-8147-53dc-4c96-830f00cb71e4">
      <Execution id="e8af2a0c-5feb-4c16-8c36-11605c71b29a" />
      <TestMethod codeBase="C:/Users/Acidraven/Desktop/CS430/Nfficiency_Plagiarism_Checker/Junk/backend/backendTests/bin/Debug/backendTests.DLL" adapterTypeName="Microsoft.VisualStudio.TestTools.TestTypes.Unit.UnitTestAdapter, Microsoft.VisualStudio.QualityTools.Tips.UnitTest.Adapter, Version=10.0.0.0, Culture=neutral, PublicKeyToken=b03f5f7f11d50a3a" className="backendTests.UnitTest1, backendTests, Version=1.0.0.0, Culture=neutral, PublicKeyToken=null" name="TestMethod1" />
    </UnitTest>
    <UnitTest name="runTest" storage="c:\users\acidraven\desktop\cs430\nfficiency_plagiarism_checker\junk\backend\backendtests\bin\debug\backendtests.dll" id="b261faf6-3561-7a26-7823-c74a6c5b33d9">
      <Execution id="23ed9da9-7491-4fd9-8a9d-73fd7c9d1479" />
      <TestMethod codeBase="C:/Users/Acidraven/Desktop/CS430/Nfficiency_Plagiarism_Checker/Junk/backend/backendTests/bin/Debug/backendTests.DLL" adapterTypeName="Microsoft.VisualStudio.TestTools.TestTypes.Unit.UnitTestAdapter, Microsoft.VisualStudio.QualityTools.Tips.UnitTest.Adapter, Version=10.0.0.0, Culture=neutral, PublicKeyToken=b03f5f7f11d50a3a" className="backendTests.TesterTest, backendTests, Version=1.0.0.0, Culture=neutral, PublicKeyToken=null" name="runTest" />
      <AspNet webSiteUrl="http://localhost:3088/blank.aspx">
        <Host pathToWebApp="C:\Users\Acidraven\Desktop\CS430\Nfficiency_Plagiarism_Checker\Junk\backend\backend" webAppRoot="/" />
      </AspNet>
    </UnitTest>
    <UnitTest name="wcConstructorTest" storage="c:\users\acidraven\desktop\cs430\nfficiency_plagiarism_checker\junk\backend\backendtests\bin\debug\backendtests.dll" id="3f797e44-a12c-41c2-b3af-3fbc0d828bf4">
      <Execution id="dfabab16-a511-4069-87a4-b6b3384d1d8c" />
      <TestMethod codeBase="C:/Users/Acidraven/Desktop/CS430/Nfficiency_Plagiarism_Checker/Junk/backend/backendTests/bin/Debug/backendTests.DLL" adapterTypeName="Microsoft.VisualStudio.TestTools.TestTypes.Unit.UnitTestAdapter, Microsoft.VisualStudio.QualityTools.Tips.UnitTest.Adapter, Version=10.0.0.0, Culture=neutral, PublicKeyToken=b03f5f7f11d50a3a" className="backendTests.wcTest, backendTests, Version=1.0.0.0, Culture=neutral, PublicKeyToken=null" name="wcConstructorTest" />
      <AspNet webSiteUrl="http://localhost:3088/blank.aspx">
        <Host pathToWebApp="C:\Users\Acidraven\documents\visual studio 2010\Projects\backend\backend" webAppRoot="/" />
      </AspNet>
    </UnitTest>
    <UnitTest name="countTest" storage="c:\users\acidraven\desktop\cs430\nfficiency_plagiarism_checker\junk\backend\backendtests\bin\debug\backendtests.dll" id="bda36fac-1dc4-12c6-70b5-0ea2d9773b0a">
      <Execution id="2177ad23-f51a-401f-9df1-0b8606a72582" />
      <TestMethod codeBase="C:/Users/Acidraven/Desktop/CS430/Nfficiency_Plagiarism_Checker/Junk/backend/backendTests/bin/Debug/backendTests.DLL" adapterTypeName="Microsoft.VisualStudio.TestTools.TestTypes.Unit.UnitTestAdapter, Microsoft.VisualStudio.QualityTools.Tips.UnitTest.Adapter, Version=10.0.0.0, Culture=neutral, PublicKeyToken=b03f5f7f11d50a3a" className="backendTests.wcTest, backendTests, Version=1.0.0.0, Culture=neutral, PublicKeyToken=null" name="countTest" />
      <AspNet webSiteUrl="http://localhost:3088/blank.aspx">
        <Host pathToWebApp="C:\Users\Acidraven\documents\visual studio 2010\Projects\backend\backend" webAppRoot="/" />
      </AspNet>
    </UnitTest>
  </TestDefinitions>
  <TestLists>
    <TestList name="Results Not in a List" id="8c84fa94-04c1-424b-9868-57a2d4851a1d" />
    <TestList name="All Loaded Results" id="19431567-8539-422a-85d7-44ee4e166bda" />
  </TestLists>
  <TestEntries>
    <TestEntry testId="3f797e44-a12c-41c2-b3af-3fbc0d828bf4" executionId="dfabab16-a511-4069-87a4-b6b3384d1d8c" testListId="8c84fa94-04c1-424b-9868-57a2d4851a1d" />
    <TestEntry testId="b261faf6-3561-7a26-7823-c74a6c5b33d9" executionId="23ed9da9-7491-4fd9-8a9d-73fd7c9d1479" testListId="8c84fa94-04c1-424b-9868-57a2d4851a1d" />
    <TestEntry testId="bda36fac-1dc4-12c6-70b5-0ea2d9773b0a" executionId="2177ad23-f51a-401f-9df1-0b8606a72582" testListId="8c84fa94-04c1-424b-9868-57a2d4851a1d" />
    <TestEntry testId="c30a899f-8147-53dc-4c96-830f00cb71e4" executionId="e8af2a0c-5feb-4c16-8c36-11605c71b29a" testListId="8c84fa94-04c1-424b-9868-57a2d4851a1d" />
  </TestEntries>
  <Results>
    <UnitTestResult executionId="dfabab16-a511-4069-87a4-b6b3384d1d8c" testId="3f797e44-a12c-41c2-b3af-3fbc0d828bf4" testName="wcConstructorTest" computerName="MELCHIOR" duration="00:00:00.2070119" startTime="2012-04-23T13:08:32.6967215-07:00" endTime="2012-04-23T13:08:32.9037334-07:00" testType="13cdc9d9-ddb5-4fa4-a97d-d965ccfc6d4b" testListId="8c84fa94-04c1-424b-9868-57a2d4851a1d" relativeResultsDirectory="dfabab16-a511-4069-87a4-b6b3384d1d8c">
      <Output>
        <ErrorInfo>
          <Message>The test adapter 'WebHostAdapter' threw an exception while running test 'wcConstructorTest'. The web site could not be configured correctly; getting ASP.NET process information failed. Requesting 'http://localhost:3088/VSEnterpriseHelper.axd' returned an error: The remote server returned an error: (404) Not Found.
The remote server returned an error: (404) Not Found.</Message>
        </ErrorInfo>
      </Output>
    </UnitTestResult>
    <UnitTestResult executionId="23ed9da9-7491-4fd9-8a9d-73fd7c9d1479" testId="b261faf6-3561-7a26-7823-c74a6c5b33d9" testName="runTest" computerName="MELCHIOR" duration="00:00:00.0173694" startTime="2012-04-23T13:08:32.9047334-07:00" endTime="2012-04-23T13:08:33.3047563-07:00" testType="13cdc9d9-ddb5-4fa4-a97d-d965ccfc6d4b" outcome="Failed" testListId="8c84fa94-04c1-424b-9868-57a2d4851a1d" relativeResultsDirectory="23ed9da9-7491-4fd9-8a9d-73fd7c9d1479">
      <Output>
        <ErrorInfo>
          <Message>Assert.AreEqual failed. Expected:&lt;1&gt;. Actual:&lt;-1&gt;. </Message>
          <StackTrace>   at backendTests.TesterTest.runTest() in C:\Users\Acidraven\Desktop\CS430\Nfficiency_Plagiarism_Checker\Junk\backend\backendTests\TesterTest.cs:line 100
</StackTrace>
        </ErrorInfo>
      </Output>
    </UnitTestResult>
    <UnitTestResult executionId="2177ad23-f51a-401f-9df1-0b8606a72582" testId="bda36fac-1dc4-12c6-70b5-0ea2d9773b0a" testName="countTest" computerName="MELCHIOR" duration="00:00:00.2000115" startTime="2012-04-23T13:08:33.3067564-07:00" endTime="2012-04-23T13:08:33.5067679-07:00" testType="13cdc9d9-ddb5-4fa4-a97d-d965ccfc6d4b" testListId="8c84fa94-04c1-424b-9868-57a2d4851a1d" relativeResultsDirectory="2177ad23-f51a-401f-9df1-0b8606a72582">
      <Output>
        <ErrorInfo>
          <Message>The test adapter 'WebHostAdapter' threw an exception while running test 'countTest'. The web site could not be configured correctly; getting ASP.NET process information failed. Requesting 'http://localhost:3088/VSEnterpriseHelper.axd' returned an error: The remote server returned an error: (404) Not Found.
The remote server returned an error: (404) Not Found.</Message>
        </ErrorInfo>
      </Output>
    </UnitTestResult>
    <UnitTestResult executionId="e8af2a0c-5feb-4c16-8c36-11605c71b29a" testId="c30a899f-8147-53dc-4c96-830f00cb71e4" testName="TestMethod1" computerName="MELCHIOR" duration="00:00:00.0115403" startTime="2012-04-23T13:08:33.5087680-07:00" endTime="2012-04-23T13:08:33.7277805-07:00" testType="13cdc9d9-ddb5-4fa4-a97d-d965ccfc6d4b" outcome="Passed" testListId="8c84fa94-04c1-424b-9868-57a2d4851a1d" relativeResultsDirectory="e8af2a0c-5feb-4c16-8c36-11605c71b29a">
    </UnitTestResult>
  </Results>
</TestRun>