<?xml version="1.0" encoding="UTF-8"?>
<TestRun id="de3e8aee-e9b3-4168-9e0e-200620298fa3" name="Acidraven@MELCHIOR 2012-04-23 13:15:28" runUser="Melchior\Acidraven" xmlns="http://microsoft.com/schemas/VisualStudio/TeamTest/2010">
  <TestSettings name="Local" id="0a01271d-960a-4c85-84b9-809b484ebc20">
    <Description>These are default test settings for a local test run.</Description>
    <Deployment enabled="false" runDeploymentRoot="Acidraven_MELCHIOR 2012-04-23 13_15_28">
      <DeploymentItem filename="C:\Users\Acidraven\Desktop\CS430\Nfficiency_Plagiarism_Checker\Junk\backend\backend\bin\backend.dll" />
    </Deployment>
    <Execution>
      <TestTypeSpecific />
      <AgentRule name="Execution Agents">
      </AgentRule>
    </Execution>
  </TestSettings>
  <Times creation="2012-04-23T13:15:28.3104933-07:00" queuing="2012-04-23T13:15:28.3984983-07:00" start="2012-04-23T13:15:28.4064988-07:00" finish="2012-04-23T13:15:55.6580575-07:00" />
  <ResultSummary outcome="Inconclusive">
    <Counters total="4" executed="4" passed="3" error="0" failed="0" timeout="0" aborted="0" inconclusive="1" passedButRunAborted="0" notRunnable="0" notExecuted="0" disconnected="0" warning="0" completed="0" inProgress="0" pending="0" />
  </ResultSummary>
  <TestDefinitions>
    <UnitTest name="TestMethod1" storage="c:\users\acidraven\desktop\cs430\nfficiency_plagiarism_checker\junk\backend\backendtests\bin\debug\backendtests.dll" id="c30a899f-8147-53dc-4c96-830f00cb71e4">
      <Execution id="175d0bc8-9e73-45cc-907c-3880f2a87937" />
      <TestMethod codeBase="C:/Users/Acidraven/Desktop/CS430/Nfficiency_Plagiarism_Checker/Junk/backend/backendTests/bin/Debug/backendTests.DLL" adapterTypeName="Microsoft.VisualStudio.TestTools.TestTypes.Unit.UnitTestAdapter, Microsoft.VisualStudio.QualityTools.Tips.UnitTest.Adapter, Version=10.0.0.0, Culture=neutral, PublicKeyToken=b03f5f7f11d50a3a" className="backendTests.UnitTest1, backendTests, Version=1.0.0.0, Culture=neutral, PublicKeyToken=null" name="TestMethod1" />
    </UnitTest>
    <UnitTest name="runTest" storage="c:\users\acidraven\desktop\cs430\nfficiency_plagiarism_checker\junk\backend\backendtests\bin\debug\backendtests.dll" id="b261faf6-3561-7a26-7823-c74a6c5b33d9">
      <Execution id="7d806683-ce67-42df-953d-821273895579" />
      <TestMethod codeBase="C:/Users/Acidraven/Desktop/CS430/Nfficiency_Plagiarism_Checker/Junk/backend/backendTests/bin/Debug/backendTests.DLL" adapterTypeName="Microsoft.VisualStudio.TestTools.TestTypes.Unit.UnitTestAdapter, Microsoft.VisualStudio.QualityTools.Tips.UnitTest.Adapter, Version=10.0.0.0, Culture=neutral, PublicKeyToken=b03f5f7f11d50a3a" className="backendTests.TesterTest, backendTests, Version=1.0.0.0, Culture=neutral, PublicKeyToken=null" name="runTest" />
      <AspNet webSiteUrl="http://localhost:3088/blank.aspx">
        <Host pathToWebApp="C:\Users\Acidraven\Desktop\CS430\Nfficiency_Plagiarism_Checker\Junk\backend\backend" webAppRoot="/" />
      </AspNet>
    </UnitTest>
    <UnitTest name="wcConstructorTest" storage="c:\users\acidraven\desktop\cs430\nfficiency_plagiarism_checker\junk\backend\backendtests\bin\debug\backendtests.dll" id="3f797e44-a12c-41c2-b3af-3fbc0d828bf4">
      <Execution id="17125ecd-7362-405a-b153-997016af0e07" />
      <TestMethod codeBase="C:/Users/Acidraven/Desktop/CS430/Nfficiency_Plagiarism_Checker/Junk/backend/backendTests/bin/Debug/backendTests.DLL" adapterTypeName="Microsoft.VisualStudio.TestTools.TestTypes.Unit.UnitTestAdapter, Microsoft.VisualStudio.QualityTools.Tips.UnitTest.Adapter, Version=10.0.0.0, Culture=neutral, PublicKeyToken=b03f5f7f11d50a3a" className="backendTests.wcTest, backendTests, Version=1.0.0.0, Culture=neutral, PublicKeyToken=null" name="wcConstructorTest" />
      <AspNet webSiteUrl="http://localhost:3088/blank.aspx">
        <Host pathToWebApp="C:\Users\Acidraven\Desktop\CS430\Nfficiency_Plagiarism_Checker\Junk\backend\backend" webAppRoot="/" />
      </AspNet>
    </UnitTest>
    <UnitTest name="countTest" storage="c:\users\acidraven\desktop\cs430\nfficiency_plagiarism_checker\junk\backend\backendtests\bin\debug\backendtests.dll" id="bda36fac-1dc4-12c6-70b5-0ea2d9773b0a">
      <Execution id="8c1f7e6d-0e58-4390-95ec-904dc910c95a" />
      <TestMethod codeBase="C:/Users/Acidraven/Desktop/CS430/Nfficiency_Plagiarism_Checker/Junk/backend/backendTests/bin/Debug/backendTests.DLL" adapterTypeName="Microsoft.VisualStudio.TestTools.TestTypes.Unit.UnitTestAdapter, Microsoft.VisualStudio.QualityTools.Tips.UnitTest.Adapter, Version=10.0.0.0, Culture=neutral, PublicKeyToken=b03f5f7f11d50a3a" className="backendTests.wcTest, backendTests, Version=1.0.0.0, Culture=neutral, PublicKeyToken=null" name="countTest" />
      <AspNet webSiteUrl="http://localhost:3088/blank.aspx">
        <Host pathToWebApp="C:\Users\Acidraven\Desktop\CS430\Nfficiency_Plagiarism_Checker\Junk\backend\backend" webAppRoot="/" />
      </AspNet>
    </UnitTest>
  </TestDefinitions>
  <TestLists>
    <TestList name="Results Not in a List" id="8c84fa94-04c1-424b-9868-57a2d4851a1d" />
    <TestList name="All Loaded Results" id="19431567-8539-422a-85d7-44ee4e166bda" />
  </TestLists>
  <TestEntries>
    <TestEntry testId="3f797e44-a12c-41c2-b3af-3fbc0d828bf4" executionId="17125ecd-7362-405a-b153-997016af0e07" testListId="8c84fa94-04c1-424b-9868-57a2d4851a1d" />
    <TestEntry testId="b261faf6-3561-7a26-7823-c74a6c5b33d9" executionId="7d806683-ce67-42df-953d-821273895579" testListId="8c84fa94-04c1-424b-9868-57a2d4851a1d" />
    <TestEntry testId="bda36fac-1dc4-12c6-70b5-0ea2d9773b0a" executionId="8c1f7e6d-0e58-4390-95ec-904dc910c95a" testListId="8c84fa94-04c1-424b-9868-57a2d4851a1d" />
    <TestEntry testId="c30a899f-8147-53dc-4c96-830f00cb71e4" executionId="175d0bc8-9e73-45cc-907c-3880f2a87937" testListId="8c84fa94-04c1-424b-9868-57a2d4851a1d" />
  </TestEntries>
  <Results>
    <UnitTestResult executionId="17125ecd-7362-405a-b153-997016af0e07" testId="3f797e44-a12c-41c2-b3af-3fbc0d828bf4" testName="wcConstructorTest" computerName="MELCHIOR" duration="00:00:24.9386139" startTime="2012-04-23T13:15:28.4315002-07:00" endTime="2012-04-23T13:15:54.2699781-07:00" testType="13cdc9d9-ddb5-4fa4-a97d-d965ccfc6d4b" outcome="Inconclusive" testListId="8c84fa94-04c1-424b-9868-57a2d4851a1d" relativeResultsDirectory="17125ecd-7362-405a-b153-997016af0e07">
      <Output>
        <ErrorInfo>
          <Message>Assert.Inconclusive failed. TODO: Implement code to verify target</Message>
          <StackTrace>   at backendTests.wcTest.wcConstructorTest() in C:\Users\Acidraven\Desktop\CS430\Nfficiency_Plagiarism_Checker\Junk\backend\backendTests\wcTest.cs:line 82
</StackTrace>
        </ErrorInfo>
      </Output>
    </UnitTestResult>
    <UnitTestResult executionId="7d806683-ce67-42df-953d-821273895579" testId="b261faf6-3561-7a26-7823-c74a6c5b33d9" testName="runTest" computerName="MELCHIOR" duration="00:00:00.0138659" startTime="2012-04-23T13:15:54.2709781-07:00" endTime="2012-04-23T13:15:55.2760356-07:00" testType="13cdc9d9-ddb5-4fa4-a97d-d965ccfc6d4b" outcome="Passed" testListId="8c84fa94-04c1-424b-9868-57a2d4851a1d" relativeResultsDirectory="7d806683-ce67-42df-953d-821273895579">
    </UnitTestResult>
    <UnitTestResult executionId="8c1f7e6d-0e58-4390-95ec-904dc910c95a" testId="bda36fac-1dc4-12c6-70b5-0ea2d9773b0a" testName="countTest" computerName="MELCHIOR" duration="00:00:00.0016564" startTime="2012-04-23T13:15:55.2770357-07:00" endTime="2012-04-23T13:15:55.4000427-07:00" testType="13cdc9d9-ddb5-4fa4-a97d-d965ccfc6d4b" outcome="Passed" testListId="8c84fa94-04c1-424b-9868-57a2d4851a1d" relativeResultsDirectory="8c1f7e6d-0e58-4390-95ec-904dc910c95a">
    </UnitTestResult>
    <UnitTestResult executionId="175d0bc8-9e73-45cc-907c-3880f2a87937" testId="c30a899f-8147-53dc-4c96-830f00cb71e4" testName="TestMethod1" computerName="MELCHIOR" duration="00:00:00.0140988" startTime="2012-04-23T13:15:55.4020428-07:00" endTime="2012-04-23T13:15:55.6390564-07:00" testType="13cdc9d9-ddb5-4fa4-a97d-d965ccfc6d4b" outcome="Passed" testListId="8c84fa94-04c1-424b-9868-57a2d4851a1d" relativeResultsDirectory="175d0bc8-9e73-45cc-907c-3880f2a87937">
    </UnitTestResult>
  </Results>
</TestRun>